<?xml version="1.0" encoding="UTF-8"?>
<!-- Generated by org.testng.reporters.JUnitReportReporter -->
<testsuite name="NewTesting.Jtest.Testing" tests="1" time="7.967" ignored="0" failures="0" timestamp="19 Apr 2020 12:24:40 GMT" skipped="0" hostname="DESKTOP-8NIEOUE" errors="0">
  <testcase name="abc" time="7.967" classname="NewTesting.Jtest.Testing"/>
</testsuite> <!-- NewTesting.Jtest.Testing -->
