<?xml version="1.0" encoding="UTF-8"?>
<!-- Generated by org.testng.reporters.JUnitReportReporter -->
<testsuite name="NewTesting.Jtest.Testing" tests="1" time="8.756" ignored="0" failures="0" timestamp="19 Apr 2020 11:54:55 GMT" skipped="0" hostname="DESKTOP-8NIEOUE" errors="0">
  <testcase name="abc" time="8.756" classname="NewTesting.Jtest.Testing"/>
</testsuite> <!-- NewTesting.Jtest.Testing -->
