<?xml version="1.0" encoding="UTF-8"?>
<!-- Generated by org.testng.reporters.JUnitReportReporter -->
<testsuite name="NewTesting.Jtest.Testing" tests="1" time="8.688" ignored="0" failures="0" timestamp="19 Apr 2020 11:55:56 GMT" skipped="0" hostname="DESKTOP-8NIEOUE" errors="0">
  <testcase name="abc" time="8.688" classname="NewTesting.Jtest.Testing"/>
</testsuite> <!-- NewTesting.Jtest.Testing -->
